************************************************************************************************************************************     
run:12/01/25 10:00:42    time:  0.000    model:              cdm06_tp00    Mode:    DESIGN   converge = 1   case:   1                     
NPSS Ver:            NPSS_3.2    therm_package:GasTbl    iter/pass/Jacb/Broy=182/202/  4/177    run by:           OHAGANLU                
                                                                                                                                          
                                       SUMMARY OUTPUT DATA                                                                                
    MN       alt    dTamb      VTAS         N1        N2        NP       T41      ITTC       SHP       THP      ESHP     BSFC     ESFC    
 0.000       0.0     0.00      0.00    28870.0   34360.0   1212.00   2498.93    799.84   2750.00    151.99   2901.99    0.476    0.451    
                                                                                                                                          

                                        FLOW STATION DATA                                                                               
                                W        Pt        Tt       ht     FAR       Wc        Ps        Ts     Aphy      MN      gamt        Rt
F010 FsEng.Fl_O             17.27    14.696    518.67   123.95  0.0000    17.28    14.696    518.67  -----.-  0.0000   1.40052   0.06856
F020 InEng.Fl_O             17.27    14.696    518.67   123.95  0.0000    17.28    13.089    501.77     78.5  0.4100   1.40052   0.06856
F029 CmpL.Fl_O              17.27    24.003    608.37   145.49  0.0000    11.45     0.000      0.00      0.0  0.0000   1.39891   0.06856
F030 CmpH.Fl_O              17.27   216.030   1207.00   293.10  0.0000     1.79     0.000      0.00      0.0  0.0000   1.36770   0.06856
F031 B030.Fl_O              17.27   216.030   1207.00   293.10  0.0000     1.79   193.880   1172.38      8.4  0.4000   1.36770   0.06856
F040 BrnPri.Fl_O            17.64   200.908   2498.93   662.90  0.0211     2.83   199.610   2495.20     49.9  0.1000   1.29942   0.06855
F045 TrbH.Fl_O              17.64    63.896   2005.01   518.33  0.0211     7.98    60.247   1977.08     48.7  0.3000   1.31323   0.06855
F048 D050.Fl_O              17.64    63.257   2005.01   518.33  0.0211     8.06    59.644   1977.08     49.2  0.3000   1.31323   0.06855
F050 TrbL.Fl_O              17.64    52.819   1931.38   497.24  0.0211     9.47    48.763   1894.61     50.5  0.3500   1.31595   0.06855
F055 D055.Fl_O              17.64    52.291   1931.38   497.24  0.0211     9.57    49.303   1904.25     58.4  0.3000   1.31595   0.06855
F060 TrbP.Fl_O              17.64    16.556   1537.61   387.05  0.0211    26.96    15.270   1506.70    142.7  0.3500   1.33384   0.06855
F070 D060.Fl_O              17.64    16.142   1537.61   387.05  0.0211    27.65    15.209   1514.79    167.7  0.3000   1.33384   0.06855
F090 NozPri.Fl_O            17.64    16.142   1537.61   387.05  0.0211    27.65    14.696   1501.78    137.3  0.3773   1.33384   0.06855

TURBOMACHINERY PERFORMANCE DATA                                                         
               Wc      PR      eff       TR  effPoly        pwr     SMN     SMW     s_Re
CmpL        17.28   1.633   0.8700   1.1729   0.8786     -526.3   13.96   19.91  1.00000
CmpH        11.45   9.000   0.8600   1.9840   0.8946    -3607.9   56.98   30.37  1.00000
TrbH         2.83   3.144   0.8400   1.2463   0.8207     3607.9                         
TrbL         8.06   1.198   0.8700   1.0381   0.8677      526.3                         
TrbP         9.57   3.158   0.8300   1.2561   0.8086     2750.0                         

TURBOMACHINERY MAP DATA                                                                          
            WcMap   PRmap   effMap      NcMap    R/Parm     s_WcDes   s_PRdes  s_effDes   s_NcDes
CmpL        71.45   5.397   0.8223      1.000    2.0000      0.2418    0.1440    1.0580  ---.----
CmpH         2.72   2.300   0.8400      1.000    2.0000      4.2113    6.1538    1.0238  ---.----
TrbH        10.14   6.000   0.8998    100.000    6.0000      0.4327    0.4289    0.9335    6.8735
TrbL        35.30   6.000   0.9231    100.000    6.0000      0.3538    0.0395    0.9425    6.4475
TrbP        35.30   6.000   0.9231    100.000    6.0000      0.4200    0.4317    0.8991    4.6817

          INLETS                                                                                                                          
                  PqP       Afs      Fram         BLEEDS - output                                                                         
InEng          1.0000  -----.--       0.0                                 Wb/Win   hscale   Pscale          W        Tt       ht        Pt
                                                  TrbH_CH B030.TCLA_CH    0.0000   1.0000   1.0000     0.0000   1207.00   293.10   216.030
            DUCTS                                 TrbH_NC B030.TCLA_NC    0.0000   1.0000   1.0000     0.0000   1207.00   293.10   216.030
                 dPqP      MNin      Aphy                                                                                                 
D050           0.0100    0.3000     48.74                                                                                                 
D055           0.0100    0.3500     50.47                                                                                                 
D060           0.0250    0.3500    142.74                                                                                                 
                                                                                                                                          
                                                                                                                                          
          SHAFTS                                                                                                                          
                 Nmech     trqIn     pwrIn                                                                                                
ShL            28870.0      95.7     526.3                                                                                                
ShH            34360.0     551.5    3607.9                                                                                                
ShP            20575.0     702.0    2750.0                                                                                                
                                                                                                                                          

          BURNERS                                                                         
                TtOut       eff    dPnorm      Wfuel  Wfuel*3600       FAR                
BrnPri        2498.93    0.9900    0.0700    0.36383     1309.77   0.02106                
                                                                                          
                                                                                          
          NOZZLES                                                                         
                   PR       Cfg      CdTh       Cv        Ath      MNth  Vactual        Fg
NozPri          1.098    0.9900    0.9600   0.9900     143.05     0.377    693.1     380.0





************************************************************************************************************************************     
run:12/01/25 10:00:42    time:  0.000    model:              cdm06_tp00    Mode: OFFDESIGN   converge = 1   case:   2                     
NPSS Ver:            NPSS_3.2    therm_package:GasTbl    iter/pass/Jacb/Broy= 11/ 23/  1/  9    run by:           OHAGANLU                
                                                                                                                                          
                                       SUMMARY OUTPUT DATA                                                                                
    MN       alt    dTamb      VTAS         N1        N2        NP       T41      ITTC       SHP       THP      ESHP     BSFC     ESFC    
 0.000       0.0     0.00      0.00    28319.1   33587.3   1200.00   2425.76    767.00   2475.00    137.71   2612.71    0.486    0.460    
                                                                                                                                          

                                        FLOW STATION DATA                                                                               
                                W        Pt        Tt       ht     FAR       Wc        Ps        Ts     Aphy      MN      gamt        Rt
F010 FsEng.Fl_O             16.64    14.696    518.67   123.95  0.0000    16.64    14.696    518.67  -----.-  0.0000   1.40052   0.06856
F020 InEng.Fl_O             16.64    14.696    518.67   123.95  0.0000    16.64    13.221    503.21     78.5  0.3915   1.40052   0.06856
F029 CmpL.Fl_O              16.64    23.709    605.19   144.72  0.0000    11.14     0.000      0.00      0.0  0.0000   1.39896   0.06856
F030 CmpH.Fl_O              16.64   204.803   1185.71   287.68  0.0000     1.81     0.000      0.00      0.0  0.0000   1.36904   0.06856
F031 B030.Fl_O              16.64   204.803   1185.71   287.68  0.0000     1.81   183.509   1151.06      8.4  0.4031   1.36904   0.06856
F040 BrnPri.Fl_O            16.97   190.467   2425.76   640.41  0.0201     2.83   189.234   2422.11     49.9  0.0999   1.30175   0.06855
F045 TrbH.Fl_O              16.97    60.520   1943.86   500.26  0.0201     7.98    57.067   1916.59     48.7  0.2997   1.31613   0.06855
F048 D050.Fl_O              16.97    59.915   1943.86   500.26  0.0201     8.06    56.496   1916.59     49.2  0.2997   1.31613   0.06855
F050 TrbL.Fl_O              16.97    50.070   1872.26   479.90  0.0201     9.46    46.230   1836.42     50.5  0.3493   1.31894   0.06855
F055 D055.Fl_O              16.97    49.569   1872.26   479.90  0.0201     9.56    46.740   1845.81     58.4  0.2994   1.31894   0.06855
F060 TrbP.Fl_O              16.97    16.414   1501.53   376.84  0.0201    25.85    15.250   1473.92    142.7  0.3332   1.33640   0.06855
F070 D060.Fl_O              16.97    16.004   1501.53   376.84  0.0201    26.52    15.157   1481.09    167.7  0.2862   1.33640   0.06855
F090 NozPri.Fl_O            16.97    16.004   1501.53   376.84  0.0201    26.52    14.696   1469.59    137.3  0.3589   1.33640   0.06855

TURBOMACHINERY PERFORMANCE DATA                                                         
               Wc      PR      eff       TR  effPoly        pwr     SMN     SMW     s_Re
CmpL        16.64   1.613   0.8776   1.1668   0.8856     -489.0   12.54   16.30  1.00000
CmpH        11.14   8.638   0.8616   1.9592   0.8954    -3365.3   58.21   30.99  1.00000
TrbH         2.83   3.147   0.8390   1.2479   0.8196     3365.3                         
TrbL         8.06   1.197   0.8697   1.0382   0.8673      489.0                         
TrbP         9.56   3.020   0.8298   1.2469   0.8090     2475.0                         

TURBOMACHINERY MAP DATA                                                                          
            WcMap   PRmap   effMap      NcMap    R/Parm     s_WcDes   s_PRdes  s_effDes   s_NcDes
CmpL        68.82   5.258   0.8295      0.981    1.8441      0.2418    0.1440    1.0580  ---.----
CmpH         2.65   2.241   0.8415      0.980    1.9917      4.2113    6.1538    1.0238  ---.----
TrbH        10.14   6.007   0.8987     99.215    6.0067      0.4327    0.4289    0.9335    6.8735
TrbL        35.31   5.975   0.9228     99.623    5.9747      0.3538    0.0395    0.9425    6.4475
TrbP        35.27   5.679   0.9229    100.561    5.6792      0.4200    0.4317    0.8991    4.6817

          INLETS                                                                                                                          
                  PqP       Afs      Fram         BLEEDS - output                                                                         
InEng          1.0000  -----.--       0.0                                 Wb/Win   hscale   Pscale          W        Tt       ht        Pt
                                                  TrbH_CH B030.TCLA_CH    0.0000   1.0000   1.0000     0.0000   1185.71   287.68   204.803
            DUCTS                                 TrbH_NC B030.TCLA_NC    0.0000   1.0000   1.0000     0.0000   1185.71   287.68   204.803
                 dPqP      MNin      Aphy                                                                                                 
D050           0.0100    0.2997     48.74                                                                                                 
D055           0.0100    0.3493     50.47                                                                                                 
D060           0.0250    0.3332    142.74                                                                                                 
                                                                                                                                          
                                                                                                                                          
          SHAFTS                                                                                                                          
                 Nmech     trqIn     pwrIn                                                                                                
ShL            28319.1      90.7     489.0                                                                                                
ShH            33587.3     526.2    3365.3                                                                                                
ShP            20371.3     638.1    2475.0                                                                                                
                                                                                                                                          

          BURNERS                                                                         
                TtOut       eff    dPnorm      Wfuel  Wfuel*3600       FAR                
BrnPri        2425.76    0.9900    0.0700    0.33382     1201.76   0.02006                
                                                                                          
                                                                                          
          NOZZLES                                                                         
                   PR       Cfg      CdTh       Cv        Ath      MNth  Vactual        Fg
NozPri          1.089    0.9900    0.9600   0.9900     143.05     0.359    652.7     344.3





************************************************************************************************************************************     
run:12/01/25 10:00:42    time:  0.000    model:              cdm06_tp00    Mode: OFFDESIGN   converge = 1   case:   3                     
NPSS Ver:            NPSS_3.2    therm_package:GasTbl    iter/pass/Jacb/Broy= 15/ 15/  0/ 13    run by:           OHAGANLU                
                                                                                                                                          
                                       SUMMARY OUTPUT DATA                                                                                
    MN       alt    dTamb      VTAS         N1        N2        NP       T41      ITTC       SHP       THP      ESHP     BSFC     ESFC    
 0.000       0.0     0.00      0.00    27731.3   32798.0   1200.00   2347.82    732.20   2192.00    123.16   2315.16    0.498    0.471    
                                                                                                                                          

                                        FLOW STATION DATA                                                                               
                                W        Pt        Tt       ht     FAR       Wc        Ps        Ts     Aphy      MN      gamt        Rt
F010 FsEng.Fl_O             15.93    14.696    518.67   123.95  0.0000    15.93    14.696    518.67  -----.-  0.0000   1.40052   0.06856
F020 InEng.Fl_O             15.93    14.696    518.67   123.95  0.0000    15.93    13.358    504.70     78.5  0.3717   1.40052   0.06856
F029 CmpL.Fl_O              15.93    23.288    601.27   143.78  0.0000    10.83     0.000      0.00      0.0  0.0000   1.39902   0.06856
F030 CmpH.Fl_O              15.93   192.765   1162.77   281.85  0.0000     1.82     0.000      0.00      0.0  0.0000   1.37049   0.06856
F031 B030.Fl_O              15.93   192.765   1162.77   281.85  0.0000     1.82   172.373   1128.07      8.4  0.4067   1.37049   0.06856
F040 BrnPri.Fl_O            16.24   179.272   2347.82   616.65  0.0190     2.83   178.111   2344.26     49.9  0.0998   1.30442   0.06855
F045 TrbH.Fl_O              16.24    56.903   1878.57   481.15  0.0190     7.98    53.655   1852.00     48.7  0.2994   1.31938   0.06855
F048 D050.Fl_O              16.24    56.334   1878.57   481.15  0.0190     8.06    53.118   1852.00     49.2  0.2994   1.31938   0.06855
F050 TrbL.Fl_O              16.24    47.173   1809.62   461.70  0.0190     9.45    43.570   1774.85     50.5  0.3482   1.32225   0.06855
F055 D055.Fl_O              16.24    46.702   1809.62   461.70  0.0190     9.54    44.046   1783.95     58.4  0.2985   1.32225   0.06855
F060 TrbP.Fl_O              16.24    16.270   1464.01   366.29  0.0190    24.64    15.230   1439.69    142.7  0.3152   1.33912   0.06855
F070 D060.Fl_O              16.24    15.863   1464.01   366.29  0.0190    25.27    15.105   1445.94    167.7  0.2712   1.33912   0.06855
F090 NozPri.Fl_O            16.24    15.863   1464.01   366.29  0.0190    25.27    14.696   1435.93    137.3  0.3390   1.33912   0.06855

TURBOMACHINERY PERFORMANCE DATA                                                         
               Wc      PR      eff       TR  effPoly        pwr     SMN     SMW     s_Re
CmpL        15.93   1.585   0.8827   1.1592   0.8900     -447.0    9.30   13.08  1.00000
CmpH        10.83   8.278   0.8631   1.9339   0.8961    -3112.9   59.51   31.64  1.00000
TrbH         2.83   3.150   0.8380   1.2498   0.8183     3112.9                         
TrbL         8.06   1.194   0.8694   1.0381   0.8669      447.0                         
TrbP         9.54   2.870   0.8289   1.2361   0.8088     2192.0                         

TURBOMACHINERY MAP DATA                                                                          
            WcMap   PRmap   effMap      NcMap    R/Parm     s_WcDes   s_PRdes  s_effDes   s_NcDes
CmpL        65.91   5.059   0.8343      0.961    1.6873      0.2418    0.1440    1.0580  ---.----
CmpH         2.57   2.183   0.8431      0.960    1.9832      4.2113    6.1538    1.0238  ---.----
TrbH        10.14   6.014   0.8977     98.478    6.0144      0.4327    0.4289    0.9335    6.8735
TrbL        35.32   5.913   0.9224     99.236    5.9133      0.3538    0.0395    0.9425    6.4475
TrbP        35.21   5.333   0.9219    102.287    5.3331      0.4200    0.4317    0.8991    4.6817

          INLETS                                                                                                                          
                  PqP       Afs      Fram         BLEEDS - output                                                                         
InEng          1.0000  -----.--       0.0                                 Wb/Win   hscale   Pscale          W        Tt       ht        Pt
                                                  TrbH_CH B030.TCLA_CH    0.0000   1.0000   1.0000     0.0000   1162.77   281.85   192.765
            DUCTS                                 TrbH_NC B030.TCLA_NC    0.0000   1.0000   1.0000     0.0000   1162.77   281.85   192.765
                 dPqP      MNin      Aphy                                                                                                 
D050           0.0100    0.2994     48.74                                                                                                 
D055           0.0100    0.3482     50.47                                                                                                 
D060           0.0250    0.3152    142.74                                                                                                 
                                                                                                                                          
                                                                                                                                          
          SHAFTS                                                                                                                          
                 Nmech     trqIn     pwrIn                                                                                                
ShL            27731.3      84.7     447.0                                                                                                
ShH            32798.0     498.5    3112.9                                                                                                
ShP            20371.3     565.1    2192.0                                                                                                
                                                                                                                                          

          BURNERS                                                                         
                TtOut       eff    dPnorm      Wfuel  Wfuel*3600       FAR                
BrnPri        2347.82    0.9900    0.0700    0.30304     1090.94   0.01902                
                                                                                          
                                                                                          
          NOZZLES                                                                         
                   PR       Cfg      CdTh       Cv        Ath      MNth  Vactual        Fg
NozPri          1.079    0.9900    0.9600   0.9900     143.05     0.339    610.1     307.9





************************************************************************************************************************************     
run:12/01/25 10:00:42    time:  0.000    model:              cdm06_tp00    Mode: OFFDESIGN   converge = 1   case:   4                     
NPSS Ver:            NPSS_3.2    therm_package:GasTbl    iter/pass/Jacb/Broy= 10/ 10/  0/  8    run by:           OHAGANLU                
                                                                                                                                          
                                       SUMMARY OUTPUT DATA                                                                                
    MN       alt    dTamb      VTAS         N1        N2        NP       T41      ITTC       SHP       THP      ESHP     BSFC     ESFC    
 0.000       0.0     0.00      0.00    27607.4   32627.8   1200.00   2330.78    724.59   2132.00    120.11   2252.11    0.501    0.474    
                                                                                                                                          

                                        FLOW STATION DATA                                                                               
                                W        Pt        Tt       ht     FAR       Wc        Ps        Ts     Aphy      MN      gamt        Rt
F010 FsEng.Fl_O             15.78    14.696    518.67   123.95  0.0000    15.78    14.696    518.67  -----.-  0.0000   1.40052   0.06856
F020 InEng.Fl_O             15.78    14.696    518.67   123.95  0.0000    15.78    13.387    505.01     78.5  0.3674   1.40052   0.06856
F029 CmpL.Fl_O              15.78    23.191    600.41   143.57  0.0000    10.76     0.000      0.00      0.0  0.0000   1.39904   0.06856
F030 CmpH.Fl_O              15.78   190.156   1157.76   280.58  0.0000     1.82     0.000      0.00      0.0  0.0000   1.37080   0.06856
F031 B030.Fl_O              15.78   190.156   1157.76   280.58  0.0000     1.82   169.962   1123.05      8.4  0.4075   1.37080   0.06856
F040 BrnPri.Fl_O            16.08   176.845   2330.78   611.48  0.0188     2.83   175.701   2327.25     49.9  0.0998   1.30504   0.06855
F045 TrbH.Fl_O              16.08    56.121   1864.30   477.00  0.0188     7.98    52.917   1837.88     48.7  0.2994   1.32011   0.06855
F048 D050.Fl_O              16.08    55.559   1864.30   477.00  0.0188     8.06    52.388   1837.88     49.2  0.2994   1.32011   0.06855
F050 TrbL.Fl_O              16.08    46.546   1795.94   457.74  0.0188     9.45    42.993   1761.40     50.5  0.3479   1.32299   0.06855
F055 D055.Fl_O              16.08    46.080   1795.94   457.74  0.0188     9.54    43.462   1770.44     58.4  0.2983   1.32299   0.06855
F060 TrbP.Fl_O              16.08    16.239   1455.88   364.01  0.0188    24.37    15.226   1432.25    142.7  0.3113   1.33972   0.06855
F070 D060.Fl_O              16.08    15.833   1455.88   364.01  0.0188    25.00    15.094   1438.32    167.7  0.2679   1.33972   0.06855
F090 NozPri.Fl_O            16.08    15.833   1455.88   364.01  0.0188    25.00    14.696   1428.61    137.3  0.3347   1.33972   0.06855

TURBOMACHINERY PERFORMANCE DATA                                                         
               Wc      PR      eff       TR  effPoly        pwr     SMN     SMW     s_Re
CmpL        15.78   1.578   0.8833   1.1576   0.8906     -438.1    8.38   12.38  1.00000
CmpH        10.76   8.200   0.8635   1.9283   0.8963    -3058.9   59.79   31.79  1.00000
TrbH         2.83   3.151   0.8378   1.2502   0.8180     3058.9                         
TrbL         8.06   1.194   0.8693   1.0381   0.8668      438.1                         
TrbP         9.54   2.838   0.8286   1.2336   0.8087     2132.0                         

TURBOMACHINERY MAP DATA                                                                          
            WcMap   PRmap   effMap      NcMap    R/Parm     s_WcDes   s_PRdes  s_effDes   s_NcDes
CmpL        65.27   5.013   0.8349      0.956    1.6466      0.2418    0.1440    1.0580  ---.----
CmpH         2.55   2.170   0.8434      0.956    1.9812      4.2113    6.1538    1.0238  ---.----
TrbH        10.14   6.016   0.8975     98.324    6.0160      0.4327    0.4289    0.9335    6.8735
TrbL        35.32   5.900   0.9224     99.170    5.8998      0.3538    0.0395    0.9425    6.4475
TrbP        35.20   5.257   0.9216    102.676    5.2569      0.4200    0.4317    0.8991    4.6817

          INLETS                                                                                                                          
                  PqP       Afs      Fram         BLEEDS - output                                                                         
InEng          1.0000  -----.--       0.0                                 Wb/Win   hscale   Pscale          W        Tt       ht        Pt
                                                  TrbH_CH B030.TCLA_CH    0.0000   1.0000   1.0000     0.0000   1157.76   280.58   190.156
            DUCTS                                 TrbH_NC B030.TCLA_NC    0.0000   1.0000   1.0000     0.0000   1157.76   280.58   190.156
                 dPqP      MNin      Aphy                                                                                                 
D050           0.0100    0.2994     48.74                                                                                                 
D055           0.0100    0.3479     50.47                                                                                                 
D060           0.0250    0.3113    142.74                                                                                                 
                                                                                                                                          
                                                                                                                                          
          SHAFTS                                                                                                                          
                 Nmech     trqIn     pwrIn                                                                                                
ShL            27607.4      83.3     438.1                                                                                                
ShH            32627.8     492.4    3058.9                                                                                                
ShP            20371.3     549.7    2132.0                                                                                                
                                                                                                                                          

          BURNERS                                                                         
                TtOut       eff    dPnorm      Wfuel  Wfuel*3600       FAR                
BrnPri        2330.78    0.9900    0.0700    0.29652     1067.46   0.01879                
                                                                                          
                                                                                          
          NOZZLES                                                                         
                   PR       Cfg      CdTh       Cv        Ath      MNth  Vactual        Fg
NozPri          1.077    0.9900    0.9600   0.9900     143.05     0.335    601.0     300.3





************************************************************************************************************************************     
run:12/01/25 10:00:42    time:  0.000    model:              cdm06_tp00    Mode: OFFDESIGN   converge = 0   case:   5                     
NPSS Ver:            NPSS_3.2    therm_package:GasTbl    iter/pass/Jacb/Broy=600/744/ 12/587    run by:           OHAGANLU                
                                                                                                                                          
                                       SUMMARY OUTPUT DATA                                                                                
    MN       alt    dTamb      VTAS         N1        N2        NP       T41      ITTC       SHP       THP      ESHP     BSFC     ESFC    
 0.000       0.0     0.00      0.00    26052.5   30301.3   1200.00   2107.30    625.42   1409.48     84.62   1494.10    0.557    0.526    
                                                                                                                                          

                                        FLOW STATION DATA                                                                               
                                W        Pt        Tt       ht     FAR       Wc        Ps        Ts     Aphy      MN      gamt        Rt
F010 FsEng.Fl_O             13.74    14.696    518.67   123.95  0.0000    13.74    14.696    518.67  -----.-  0.0000   1.40052   0.06856
F020 InEng.Fl_O             13.74    14.696    518.67   123.95  0.0000    13.74    13.730    508.68     78.5  0.3130   1.40052   0.06856
F029 CmpL.Fl_O              13.74    21.853    589.14   140.86  0.0000     9.85     0.000      0.00      0.0  0.0000   1.39921   0.06856
F030 CmpH.Fl_O              13.74   157.000   1091.80   263.93  0.0000     1.87     0.000      0.00      0.0  0.0000   1.37496   0.06856
F031 B030.Fl_O              13.74   157.000   1091.80   263.93  0.0000     1.87   139.387   1056.86      8.4  0.4191   1.37496   0.06856
F040 BrnPri.Fl_O            13.96   146.010   2107.30   544.64  0.0159     2.83   145.065   2104.04     49.9  0.0995   1.31328   0.06855
F045 TrbH.Fl_O              13.96    46.216   1678.05   423.60  0.0159     7.98    43.577   1653.70     48.7  0.2983   1.33029   0.06855
F048 D050.Fl_O              13.96    45.754   1678.05   423.60  0.0159     8.06    43.141   1653.70     49.2  0.2983   1.33029   0.06855
F050 TrbL.Fl_O              13.96    38.581   1617.42   406.92  0.0159     9.39    35.676   1586.03     50.5  0.3441   1.33322   0.06855
F055 D055.Fl_O              13.96    38.195   1617.42   406.92  0.0159     9.48    36.054   1594.23     58.4  0.2951   1.33322   0.06855
F060 TrbP.Fl_O              13.96    15.886   1353.17   335.56  0.0159    20.86    15.175   1337.27    142.7  0.2613   1.34765   0.06855
F070 D060.Fl_O              13.96    15.489   1353.17   335.56  0.0159    21.39    14.967   1341.25    167.7  0.2259   1.34765   0.06855
F090 NozPri.Fl_O            13.96    15.489   1353.17   335.56  0.0159    21.39    14.696   1334.91    137.3  0.2802   1.34765   0.06855

TURBOMACHINERY PERFORMANCE DATA                                                         
               Wc      PR      eff       TR  effPoly        pwr     SMN     SMW     s_Re
CmpL        13.74   1.487   0.8836   1.1359   0.8899     -328.8   -6.18  -11.10  1.00000
CmpH         9.85   7.185   0.8664   1.8532   0.8971    -2392.6   63.55   33.65  1.00000
TrbH         2.83   3.159   0.8349   1.2558   0.8142     2390.5                         
TrbL         8.06   1.186   0.8689   1.0375   0.8666      329.5                         
TrbP         9.48   2.404   0.8181   1.1953   0.8007     1409.5                         

TURBOMACHINERY MAP DATA                                                                          
            WcMap   PRmap   effMap      NcMap    R/Parm     s_WcDes   s_PRdes  s_effDes   s_NcDes
CmpL        56.85   4.381   0.8351      0.902    0.0000      0.2418    0.1440    1.0580  ---.----
CmpH         2.34   2.005   0.8463      0.896    1.9565      4.2113    6.1538    1.0238  ---.----
TrbH        10.14   6.035   0.8943     96.034    6.0350      0.4327    0.4289    0.9335    6.8735
TrbL        35.33   5.704   0.9219     98.641    5.7039      0.3538    0.0395    0.9425    6.4475
TrbP        34.99   4.253   0.9098    108.194    4.2532      0.4200    0.4317    0.8991    4.6817

          INLETS                                                                                                                          
                  PqP       Afs      Fram         BLEEDS - output                                                                         
InEng          1.0000  -----.--       0.0                                 Wb/Win   hscale   Pscale          W        Tt       ht        Pt
                                                  TrbH_CH B030.TCLA_CH    0.0000   1.0000   1.0000     0.0000   1091.80   263.93   157.000
            DUCTS                                 TrbH_NC B030.TCLA_NC    0.0000   1.0000   1.0000     0.0000   1091.80   263.93   157.000
                 dPqP      MNin      Aphy                                                                                                 
D050           0.0100    0.2983     48.74                                                                                                 
D055           0.0100    0.3441     50.47                                                                                                 
D060           0.0250    0.2613    142.74                                                                                                 
                                                                                                                                          
                                                                                                                                          
          SHAFTS                                                                                                                          
                 Nmech     trqIn     pwrIn                                                                                                
ShL            26052.5      66.4     329.5                                                                                                
ShH            30301.3     414.3    2390.5                                                                                                
ShP            20371.3     363.4    1409.5                                                                                                
                                                                                                                                          

          BURNERS                                                                         
                TtOut       eff    dPnorm      Wfuel  Wfuel*3600       FAR                
BrnPri        2107.30    0.9900    0.0700    0.21820      785.54   0.01588                
                                                                                          
                                                                                          
          NOZZLES                                                                         
                   PR       Cfg      CdTh       Cv        Ath      MNth  Vactual        Fg
NozPri          1.054    0.9900    0.9600   0.9900     143.05     0.280    487.6     211.6





************************************************************************************************************************************     
run:12/01/25 10:00:43    time:  0.000    model:              cdm06_tp00    Mode: OFFDESIGN   converge = 0   case:   6                     
NPSS Ver:            NPSS_3.2    therm_package:GasTbl    iter/pass/Jacb/Broy=600/732/ 11/588    run by:           OHAGANLU                
                                                                                                                                          
                                       SUMMARY OUTPUT DATA                                                                                
    MN       alt    dTamb      VTAS         N1        N2        NP       T41      ITTC       SHP       THP      ESHP     BSFC     ESFC    
 0.000       0.0     0.00      0.00    26052.4   30301.3   1200.00   2107.30    625.42   1409.48     84.62   1494.10    0.557    0.526    
                                                                                                                                          

                                        FLOW STATION DATA                                                                               
                                W        Pt        Tt       ht     FAR       Wc        Ps        Ts     Aphy      MN      gamt        Rt
F010 FsEng.Fl_O             13.74    14.696    518.67   123.95  0.0000    13.74    14.696    518.67  -----.-  0.0000   1.40052   0.06856
F020 InEng.Fl_O             13.74    14.696    518.67   123.95  0.0000    13.74    13.730    508.68     78.5  0.3130   1.40052   0.06856
F029 CmpL.Fl_O              13.74    21.853    589.14   140.86  0.0000     9.85     0.000      0.00      0.0  0.0000   1.39921   0.06856
F030 CmpH.Fl_O              13.74   157.000   1091.80   263.93  0.0000     1.87     0.000      0.00      0.0  0.0000   1.37496   0.06856
F031 B030.Fl_O              13.74   157.000   1091.80   263.93  0.0000     1.87   139.387   1056.86      8.4  0.4191   1.37496   0.06856
F040 BrnPri.Fl_O            13.96   146.010   2107.30   544.64  0.0159     2.83   145.065   2104.03     49.9  0.0995   1.31328   0.06855
F045 TrbH.Fl_O              13.96    46.216   1678.05   423.60  0.0159     7.98    43.577   1653.70     48.7  0.2983   1.33029   0.06855
F048 D050.Fl_O              13.96    45.754   1678.05   423.60  0.0159     8.06    43.141   1653.70     49.2  0.2983   1.33029   0.06855
F050 TrbL.Fl_O              13.96    38.581   1617.42   406.92  0.0159     9.39    35.676   1586.03     50.5  0.3441   1.33322   0.06855
F055 D055.Fl_O              13.96    38.195   1617.42   406.92  0.0159     9.48    36.054   1594.23     58.4  0.2951   1.33322   0.06855
F060 TrbP.Fl_O              13.96    15.886   1353.17   335.56  0.0159    20.86    15.175   1337.27    142.7  0.2613   1.34765   0.06855
F070 D060.Fl_O              13.96    15.489   1353.17   335.56  0.0159    21.39    14.967   1341.25    167.7  0.2259   1.34765   0.06855
F090 NozPri.Fl_O            13.96    15.489   1353.17   335.56  0.0159    21.39    14.696   1334.91    137.3  0.2802   1.34765   0.06855

TURBOMACHINERY PERFORMANCE DATA                                                         
               Wc      PR      eff       TR  effPoly        pwr     SMN     SMW     s_Re
CmpL        13.74   1.487   0.8836   1.1359   0.8899     -328.8   -6.18  -11.10  1.00000
CmpH         9.85   7.185   0.8664   1.8532   0.8971    -2392.6   63.55   33.65  1.00000
TrbH         2.83   3.159   0.8349   1.2558   0.8142     2390.5                         
TrbL         8.06   1.186   0.8689   1.0375   0.8666      329.5                         
TrbP         9.48   2.404   0.8181   1.1953   0.8007     1409.5                         

TURBOMACHINERY MAP DATA                                                                          
            WcMap   PRmap   effMap      NcMap    R/Parm     s_WcDes   s_PRdes  s_effDes   s_NcDes
CmpL        56.85   4.381   0.8351      0.902    0.0000      0.2418    0.1440    1.0580  ---.----
CmpH         2.34   2.005   0.8463      0.896    1.9565      4.2113    6.1538    1.0238  ---.----
TrbH        10.14   6.035   0.8943     96.034    6.0350      0.4327    0.4289    0.9335    6.8735
TrbL        35.33   5.704   0.9219     98.641    5.7039      0.3538    0.0395    0.9425    6.4475
TrbP        34.99   4.253   0.9098    108.194    4.2532      0.4200    0.4317    0.8991    4.6817

          INLETS                                                                                                                          
                  PqP       Afs      Fram         BLEEDS - output                                                                         
InEng          1.0000  -----.--       0.0                                 Wb/Win   hscale   Pscale          W        Tt       ht        Pt
                                                  TrbH_CH B030.TCLA_CH    0.0000   1.0000   1.0000     0.0000   1091.80   263.93   157.000
            DUCTS                                 TrbH_NC B030.TCLA_NC    0.0000   1.0000   1.0000     0.0000   1091.80   263.93   157.000
                 dPqP      MNin      Aphy                                                                                                 
D050           0.0100    0.2983     48.74                                                                                                 
D055           0.0100    0.3441     50.47                                                                                                 
D060           0.0250    0.2613    142.74                                                                                                 
                                                                                                                                          
                                                                                                                                          
          SHAFTS                                                                                                                          
                 Nmech     trqIn     pwrIn                                                                                                
ShL            26052.4      66.4     329.5                                                                                                
ShH            30301.3     414.3    2390.5                                                                                                
ShP            20371.3     363.4    1409.5                                                                                                
                                                                                                                                          

          BURNERS                                                                         
                TtOut       eff    dPnorm      Wfuel  Wfuel*3600       FAR                
BrnPri        2107.30    0.9900    0.0700    0.21820      785.54   0.01588                
                                                                                          
                                                                                          
          NOZZLES                                                                         
                   PR       Cfg      CdTh       Cv        Ath      MNth  Vactual        Fg
NozPri          1.054    0.9900    0.9600   0.9900     143.05     0.280    487.6     211.6





************************************************************************************************************************************     
run:12/01/25 10:00:43    time:  0.000    model:              cdm06_tp00    Mode: OFFDESIGN   converge = 0   case:   7                     
NPSS Ver:            NPSS_3.2    therm_package:GasTbl    iter/pass/Jacb/Broy=497/617/  9/486    run by:           OHAGANLU                
                                                                                                                                          
                                       SUMMARY OUTPUT DATA                                                                                
    MN       alt    dTamb      VTAS         N1        N2        NP       T41      ITTC       SHP       THP      ESHP     BSFC     ESFC    
 0.000       0.0     0.00      0.00    26052.4   30301.3   1200.00   2107.30    625.42   1409.48     84.62   1494.10    0.557    0.526    
                                                                                                                                          

                                        FLOW STATION DATA                                                                               
                                W        Pt        Tt       ht     FAR       Wc        Ps        Ts     Aphy      MN      gamt        Rt
F010 FsEng.Fl_O             13.74    14.696    518.67   123.95  0.0000    13.74    14.696    518.67  -----.-  0.0000   1.40052   0.06856
F020 InEng.Fl_O             13.74    14.696    518.67   123.95  0.0000    13.74    13.730    508.68     78.5  0.3130   1.40052   0.06856
F029 CmpL.Fl_O              13.74    21.853    589.14   140.86  0.0000     9.85     0.000      0.00      0.0  0.0000   1.39921   0.06856
F030 CmpH.Fl_O              13.74   157.000   1091.80   263.93  0.0000     1.87     0.000      0.00      0.0  0.0000   1.37496   0.06856
F031 B030.Fl_O              13.74   157.000   1091.80   263.93  0.0000     1.87   139.387   1056.86      8.4  0.4191   1.37496   0.06856
F040 BrnPri.Fl_O            13.96   146.010   2107.30   544.64  0.0159     2.83   145.065   2104.03     49.9  0.0995   1.31328   0.06855
F045 TrbH.Fl_O              13.96    46.216   1678.05   423.60  0.0159     7.98    43.577   1653.70     48.7  0.2983   1.33029   0.06855
F048 D050.Fl_O              13.96    45.754   1678.05   423.60  0.0159     8.06    43.141   1653.70     49.2  0.2983   1.33029   0.06855
F050 TrbL.Fl_O              13.96    38.581   1617.42   406.92  0.0159     9.39    35.676   1586.03     50.5  0.3441   1.33322   0.06855
F055 D055.Fl_O              13.96    38.195   1617.42   406.92  0.0159     9.48    36.054   1594.23     58.4  0.2951   1.33322   0.06855
F060 TrbP.Fl_O              13.96    15.886   1353.17   335.56  0.0159    20.86    15.175   1337.27    142.7  0.2613   1.34765   0.06855
F070 D060.Fl_O              13.96    15.489   1353.17   335.56  0.0159    21.39    14.967   1341.25    167.7  0.2259   1.34765   0.06855
F090 NozPri.Fl_O            13.96    15.489   1353.17   335.56  0.0159    21.39    14.696   1334.91    137.3  0.2802   1.34765   0.06855

TURBOMACHINERY PERFORMANCE DATA                                                         
               Wc      PR      eff       TR  effPoly        pwr     SMN     SMW     s_Re
CmpL        13.74   1.487   0.8836   1.1359   0.8899     -328.8   -6.18  -11.10  1.00000
CmpH         9.85   7.185   0.8664   1.8532   0.8971    -2392.6   63.55   33.65  1.00000
TrbH         2.83   3.159   0.8349   1.2558   0.8142     2390.5                         
TrbL         8.06   1.186   0.8689   1.0375   0.8666      329.5                         
TrbP         9.48   2.404   0.8181   1.1953   0.8007     1409.5                         

TURBOMACHINERY MAP DATA                                                                          
            WcMap   PRmap   effMap      NcMap    R/Parm     s_WcDes   s_PRdes  s_effDes   s_NcDes
CmpL        56.85   4.381   0.8351      0.902    0.0000      0.2418    0.1440    1.0580  ---.----
CmpH         2.34   2.005   0.8463      0.896    1.9565      4.2113    6.1538    1.0238  ---.----
TrbH        10.14   6.035   0.8943     96.034    6.0350      0.4327    0.4289    0.9335    6.8735
TrbL        35.33   5.704   0.9219     98.641    5.7039      0.3538    0.0395    0.9425    6.4475
TrbP        34.99   4.253   0.9098    108.194    4.2532      0.4200    0.4317    0.8991    4.6817

          INLETS                                                                                                                          
                  PqP       Afs      Fram         BLEEDS - output                                                                         
InEng          1.0000  -----.--       0.0                                 Wb/Win   hscale   Pscale          W        Tt       ht        Pt
                                                  TrbH_CH B030.TCLA_CH    0.0000   1.0000   1.0000     0.0000   1091.80   263.93   157.000
            DUCTS                                 TrbH_NC B030.TCLA_NC    0.0000   1.0000   1.0000     0.0000   1091.80   263.93   157.000
                 dPqP      MNin      Aphy                                                                                                 
D050           0.0100    0.2983     48.74                                                                                                 
D055           0.0100    0.3441     50.47                                                                                                 
D060           0.0250    0.2613    142.74                                                                                                 
                                                                                                                                          
                                                                                                                                          
          SHAFTS                                                                                                                          
                 Nmech     trqIn     pwrIn                                                                                                
ShL            26052.4      66.4     329.5                                                                                                
ShH            30301.3     414.3    2390.5                                                                                                
ShP            20371.3     363.4    1409.5                                                                                                
                                                                                                                                          

          BURNERS                                                                         
                TtOut       eff    dPnorm      Wfuel  Wfuel*3600       FAR                
BrnPri        2107.30    0.9900    0.0700    0.21820      785.54   0.01588                
                                                                                          
                                                                                          
          NOZZLES                                                                         
                   PR       Cfg      CdTh       Cv        Ath      MNth  Vactual        Fg
NozPri          1.054    0.9900    0.9600   0.9900     143.05     0.280    487.6     211.6





************************************************************************************************************************************     
run:12/01/25 10:00:43    time:  0.000    model:              cdm06_tp00    Mode: OFFDESIGN   converge = 0   case:   8                     
NPSS Ver:            NPSS_3.2    therm_package:GasTbl    iter/pass/Jacb/Broy=  1/  1/  0/  0    run by:           OHAGANLU                
                                                                                                                                          
                                       SUMMARY OUTPUT DATA                                                                                
    MN       alt    dTamb      VTAS         N1        N2        NP       T41      ITTC       SHP       THP      ESHP     BSFC     ESFC    
 0.000       0.0     0.00      0.00    26052.4   30301.3   1200.00   2107.30    625.42   1409.48     84.62   1494.10    0.557    0.526    
                                                                                                                                          

                                        FLOW STATION DATA                                                                               
                                W        Pt        Tt       ht     FAR       Wc        Ps        Ts     Aphy      MN      gamt        Rt
F010 FsEng.Fl_O             13.74    14.696    518.67   123.95  0.0000    13.74    14.696    518.67  -----.-  0.0000   1.40052   0.06856
F020 InEng.Fl_O             13.74    14.696    518.67   123.95  0.0000    13.74    13.730    508.68     78.5  0.3130   1.40052   0.06856
F029 CmpL.Fl_O              13.74    21.853    589.14   140.86  0.0000     9.85     0.000      0.00      0.0  0.0000   1.39921   0.06856
F030 CmpH.Fl_O              13.74   157.000   1091.80   263.93  0.0000     1.87     0.000      0.00      0.0  0.0000   1.37496   0.06856
F031 B030.Fl_O              13.74   157.000   1091.80   263.93  0.0000     1.87   139.387   1056.86      8.4  0.4191   1.37496   0.06856
F040 BrnPri.Fl_O            13.96   146.010   2107.30   544.64  0.0159     2.83   145.065   2104.03     49.9  0.0995   1.31328   0.06855
F045 TrbH.Fl_O              13.96    46.216   1678.05   423.60  0.0159     7.98    43.577   1653.70     48.7  0.2983   1.33029   0.06855
F048 D050.Fl_O              13.96    45.754   1678.05   423.60  0.0159     8.06    43.141   1653.70     49.2  0.2983   1.33029   0.06855
F050 TrbL.Fl_O              13.96    38.581   1617.42   406.92  0.0159     9.39    35.676   1586.03     50.5  0.3441   1.33322   0.06855
F055 D055.Fl_O              13.96    38.195   1617.42   406.92  0.0159     9.48    36.054   1594.23     58.4  0.2951   1.33322   0.06855
F060 TrbP.Fl_O              13.96    15.886   1353.17   335.56  0.0159    20.86    15.175   1337.27    142.7  0.2613   1.34765   0.06855
F070 D060.Fl_O              13.96    15.489   1353.17   335.56  0.0159    21.39    14.967   1341.25    167.7  0.2259   1.34765   0.06855
F090 NozPri.Fl_O            13.96    15.489   1353.17   335.56  0.0159    21.39    14.696   1334.91    137.3  0.2802   1.34765   0.06855

TURBOMACHINERY PERFORMANCE DATA                                                         
               Wc      PR      eff       TR  effPoly        pwr     SMN     SMW     s_Re
CmpL        13.74   1.487   0.8836   1.1359   0.8899     -328.8   -6.18  -11.10  1.00000
CmpH         9.85   7.185   0.8664   1.8532   0.8971    -2392.6   63.55   33.65  1.00000
TrbH         2.83   3.159   0.8349   1.2558   0.8142     2390.5                         
TrbL         8.06   1.186   0.8689   1.0375   0.8666      329.5                         
TrbP         9.48   2.404   0.8181   1.1953   0.8007     1409.5                         

TURBOMACHINERY MAP DATA                                                                          
            WcMap   PRmap   effMap      NcMap    R/Parm     s_WcDes   s_PRdes  s_effDes   s_NcDes
CmpL        56.85   4.381   0.8351      0.902    0.0000      0.2418    0.1440    1.0580  ---.----
CmpH         2.34   2.005   0.8463      0.896    1.9565      4.2113    6.1538    1.0238  ---.----
TrbH        10.14   6.035   0.8943     96.034    6.0350      0.4327    0.4289    0.9335    6.8735
TrbL        35.33   5.704   0.9219     98.641    5.7039      0.3538    0.0395    0.9425    6.4475
TrbP        34.99   4.253   0.9098    108.194    4.2532      0.4200    0.4317    0.8991    4.6817

          INLETS                                                                                                                          
                  PqP       Afs      Fram         BLEEDS - output                                                                         
InEng          1.0000  -----.--       0.0                                 Wb/Win   hscale   Pscale          W        Tt       ht        Pt
                                                  TrbH_CH B030.TCLA_CH    0.0000   1.0000   1.0000     0.0000   1091.80   263.93   157.000
            DUCTS                                 TrbH_NC B030.TCLA_NC    0.0000   1.0000   1.0000     0.0000   1091.80   263.93   157.000
                 dPqP      MNin      Aphy                                                                                                 
D050           0.0100    0.2983     48.74                                                                                                 
D055           0.0100    0.3441     50.47                                                                                                 
D060           0.0250    0.2613    142.74                                                                                                 
                                                                                                                                          
                                                                                                                                          
          SHAFTS                                                                                                                          
                 Nmech     trqIn     pwrIn                                                                                                
ShL            26052.4      66.4     329.5                                                                                                
ShH            30301.3     414.3    2390.5                                                                                                
ShP            20371.3     363.4    1409.5                                                                                                
                                                                                                                                          

          BURNERS                                                                         
                TtOut       eff    dPnorm      Wfuel  Wfuel*3600       FAR                
BrnPri        2107.30    0.9900    0.0700    0.21820      785.54   0.01588                
                                                                                          
                                                                                          
          NOZZLES                                                                         
                   PR       Cfg      CdTh       Cv        Ath      MNth  Vactual        Fg
NozPri          1.054    0.9900    0.9600   0.9900     143.05     0.280    487.6     211.6





